{
  "RSpec": {
    "coverage": {
      "/Users/heo001997/Personal/16-Frooze/frooze-test-1/app/services/set_field_service.rb": {
        "lines": [
          1,
          1,
          1,
          null,
          1,
          12,
          12,
          null,
          5,
          null,
          4,
          null,
          4,
          null,
          3,
          3,
          null,
          null,
          3,
          null,
          1,
          null,
          1,
          null,
          1,
          null,
          null,
          1,
          null,
          1,
          null,
          1,
          null,
          1,
          null,
          1,
          null,
          1,
          null,
          1,
          null,
          6,
          null,
          6,
          null,
          null,
          null,
          1,
          12,
          12,
          null,
          11,
          null,
          1,
          null,
          5,
          5,
          4,
          3,
          null,
          5,
          null,
          null,
          9,
          9,
          null,
          1,
          null,
          1,
          null,
          null,
          7,
          null,
          null
        ]
      },
      "/Users/heo001997/Personal/16-Frooze/frooze-test-1/spec/services/set_field_service_spec.rb": {
        "lines": [
          1,
          null,
          1,
          13,
          1,
          1,
          null,
          null,
          null,
          null,
          null,
          null,
          null,
          null,
          null,
          1,
          12,
          null,
          null,
          null,
          null,
          null,
          null,
          null,
          null,
          null,
          null,
          1,
          1,
          2,
          2,
          null,
          null,
          null,
          null,
          null,
          1,
          1,
          1,
          1,
          null,
          null,
          null,
          1,
          2,
          2,
          null,
          null,
          null,
          null,
          null,
          1,
          1,
          1,
          null,
          null,
          null,
          1,
          2,
          2,
          null,
          null,
          null,
          null,
          null,
          1,
          1,
          1,
          null,
          null,
          null,
          1,
          2,
          2,
          null,
          null,
          null,
          null,
          null,
          1,
          1,
          1,
          null,
          null,
          null,
          1,
          2,
          2,
          null,
          null,
          null,
          null,
          null,
          1,
          1,
          1,
          null,
          null,
          null,
          1,
          2,
          2,
          null,
          null,
          null,
          null,
          null,
          1,
          1,
          1,
          null,
          null,
          null,
          1,
          2,
          2,
          null,
          null,
          null,
          null,
          null,
          1,
          1,
          1,
          null,
          null,
          null,
          null,
          1,
          1,
          2,
          2,
          null,
          null,
          null,
          null,
          null,
          1,
          1,
          null,
          null,
          null,
          1,
          2,
          2,
          null,
          null,
          null,
          null,
          null,
          1,
          1,
          null,
          null,
          null,
          1,
          2,
          null,
          null,
          null,
          null,
          null,
          1,
          1,
          null,
          null,
          null,
          1,
          1,
          1,
          null,
          null,
          2,
          2,
          2,
          null,
          null,
          null,
          null,
          null,
          1,
          1,
          null,
          null,
          null,
          1,
          2,
          2,
          null,
          null,
          null,
          null,
          null,
          1,
          1,
          null,
          null,
          null,
          null
        ]
      },
      "/Users/heo001997/Personal/16-Frooze/frooze-test-1/app/models/customer.rb": {
        "lines": [
          1,
          null
        ]
      },
      "/Users/heo001997/Personal/16-Frooze/frooze-test-1/app/models/application_record.rb": {
        "lines": [
          1,
          1,
          null
        ]
      }
    },
    "timestamp": 1698300575
  }
}
